<?xml version="1.0" encoding="UTF-8"?>
<testsuite xmlns:xsi="http://www.w3.org/2001/XMLSchema-instance" xsi:noNamespaceSchemaLocation="https://maven.apache.org/surefire/maven-surefire-plugin/xsd/surefire-test-report.xsd" version="3.0.2" name="io.warehouse.sensors.processors.UdpMessageToJsonProcessorTest" time="0.486" tests="6" errors="5" skipped="0" failures="0">
  <properties>
[...]
</properties>
  <testcase name="testValidateAndConvertWithWhitespace" classname="io.warehouse.sensors.processors.UdpMessageToJsonProcessorTest" time="0.054">
    <error message="Cannot invoke &quot;io.warehouse.sensors.validator.SensorMessageValidator.validate(io.warehouse.sensors.model.SensorMessage)&quot; because &quot;this.validator&quot; is null" type="java.lang.NullPointerException"><![CDATA[java.lang.NullPointerException: Cannot invoke "io.warehouse.sensors.validator.SensorMessageValidator.validate(io.warehouse.sensors.model.SensorMessage)" because "this.validator" is null
	at io.warehouse.sensors.processors.UdpMessageToJsponProcessor.validateAndConvert(UdpMessageToJsponProcessor.java:38)
	at io.warehouse.sensors.processors.UdpMessageToJsonProcessorTest.testValidateAndConvertWithWhitespace(UdpMessageToJsonProcessorTest.java:84)
	at java.base/java.lang.reflect.Method.invoke(Method.java:580)
	at java.base/java.util.ArrayList.forEach(ArrayList.java:1597)
	at java.base/java.util.ArrayList.forEach(ArrayList.java:1597)
]]></error>
  </testcase>
  <testcase name="testValidateAndConvertInvalidFormat" classname="io.warehouse.sensors.processors.UdpMessageToJsonProcessorTest" time="0.012"/>
  <testcase name="testValidateAndConvertValidMessage" classname="io.warehouse.sensors.processors.UdpMessageToJsonProcessorTest" time="0.008">
    <error message="Cannot invoke &quot;io.warehouse.sensors.validator.SensorMessageValidator.validate(io.warehouse.sensors.model.SensorMessage)&quot; because &quot;this.validator&quot; is null" type="java.lang.NullPointerException"><![CDATA[java.lang.NullPointerException: Cannot invoke "io.warehouse.sensors.validator.SensorMessageValidator.validate(io.warehouse.sensors.model.SensorMessage)" because "this.validator" is null
	at io.warehouse.sensors.processors.UdpMessageToJsponProcessor.validateAndConvert(UdpMessageToJsponProcessor.java:38)
	at io.warehouse.sensors.processors.UdpMessageToJsonProcessorTest.testValidateAndConvertValidMessage(UdpMessageToJsonProcessorTest.java:65)
	at java.base/java.lang.reflect.Method.invoke(Method.java:580)
	at java.base/java.util.ArrayList.forEach(ArrayList.java:1597)
	at java.base/java.util.ArrayList.forEach(ArrayList.java:1597)
]]></error>
  </testcase>
  <testcase name="testProcessInvalidMessage" classname="io.warehouse.sensors.processors.UdpMessageToJsonProcessorTest" time="0.005">
    <error message="Cannot invoke &quot;org.apache.camel.Exchange.getIn()&quot; because &quot;this.exchange&quot; is null" type="java.lang.NullPointerException"><![CDATA[java.lang.NullPointerException: Cannot invoke "org.apache.camel.Exchange.getIn()" because "this.exchange" is null
	at io.warehouse.sensors.processors.UdpMessageToJsonProcessorTest.testProcessInvalidMessage(UdpMessageToJsonProcessorTest.java:54)
	at java.base/java.lang.reflect.Method.invoke(Method.java:580)
	at java.base/java.util.ArrayList.forEach(ArrayList.java:1597)
	at java.base/java.util.ArrayList.forEach(ArrayList.java:1597)
]]></error>
  </testcase>
  <testcase name="testValidateAndConvertWithLeadingTrailingSpaces" classname="io.warehouse.sensors.processors.UdpMessageToJsonProcessorTest" time="0.005">
    <error message="Cannot invoke &quot;io.warehouse.sensors.validator.SensorMessageValidator.validate(io.warehouse.sensors.model.SensorMessage)&quot; because &quot;this.validator&quot; is null" type="java.lang.NullPointerException"><![CDATA[java.lang.NullPointerException: Cannot invoke "io.warehouse.sensors.validator.SensorMessageValidator.validate(io.warehouse.sensors.model.SensorMessage)" because "this.validator" is null
	at io.warehouse.sensors.processors.UdpMessageToJsponProcessor.validateAndConvert(UdpMessageToJsponProcessor.java:38)
	at io.warehouse.sensors.processors.UdpMessageToJsonProcessorTest.testValidateAndConvertWithLeadingTrailingSpaces(UdpMessageToJsonProcessorTest.java:96)
	at java.base/java.lang.reflect.Method.invoke(Method.java:580)
	at java.base/java.util.ArrayList.forEach(ArrayList.java:1597)
	at java.base/java.util.ArrayList.forEach(ArrayList.java:1597)
]]></error>
  </testcase>
  <testcase name="testProcessValidMessage" classname="io.warehouse.sensors.processors.UdpMessageToJsonProcessorTest" time="0.005">
    <error message="Cannot invoke &quot;org.apache.camel.Exchange.getIn()&quot; because &quot;this.exchange&quot; is null" type="java.lang.NullPointerException"><![CDATA[java.lang.NullPointerException: Cannot invoke "org.apache.camel.Exchange.getIn()" because "this.exchange" is null
	at io.warehouse.sensors.processors.UdpMessageToJsonProcessorTest.testProcessValidMessage(UdpMessageToJsonProcessorTest.java:41)
	at java.base/java.lang.reflect.Method.invoke(Method.java:580)
	at java.base/java.util.ArrayList.forEach(ArrayList.java:1597)
	at java.base/java.util.ArrayList.forEach(ArrayList.java:1597)
]]></error>
  </testcase>
</testsuite>